  [1m[35m (2.0ms)[0m  [1m[34mSELECT sqlite_version(*)[0m
  [1m[35m (1.5ms)[0m  [1m[35mCREATE TABLE "schema_migrations" ("version" varchar NOT NULL PRIMARY KEY)[0m
  [1m[35m (1.2ms)[0m  [1m[35mCREATE TABLE "ar_internal_metadata" ("key" varchar NOT NULL PRIMARY KEY, "value" varchar, "created_at" datetime(6) NOT NULL, "updated_at" datetime(6) NOT NULL)[0m
  [1m[35m (0.1ms)[0m  [1m[34mSELECT "schema_migrations"."version" FROM "schema_migrations" ORDER BY "schema_migrations"."version" ASC[0m
Migrating to CreatePlayers (20191114120035)
  [1m[35m (0.1ms)[0m  [1m[36mbegin transaction[0m
  [1m[35m (0.3ms)[0m  [1m[35mCREATE TABLE "players" ("id" integer PRIMARY KEY AUTOINCREMENT NOT NULL, "name" varchar, "score" integer, "created_at" datetime(6) NOT NULL, "updated_at" datetime(6) NOT NULL)[0m
  [1m[36mprimary::SchemaMigration Create (0.2ms)[0m  [1m[32mINSERT INTO "schema_migrations" ("version") VALUES (?)[0m  [["version", "20191114120035"]]
  [1m[35m (0.7ms)[0m  [1m[36mcommit transaction[0m
  [1m[36mActiveRecord::InternalMetadata Load (0.2ms)[0m  [1m[34mSELECT "ar_internal_metadata".* FROM "ar_internal_metadata" WHERE "ar_internal_metadata"."key" = ? LIMIT ?[0m  [["key", "environment"], ["LIMIT", 1]]
  [1m[35m (0.0ms)[0m  [1m[36mbegin transaction[0m
  [1m[36mActiveRecord::InternalMetadata Create (0.3ms)[0m  [1m[32mINSERT INTO "ar_internal_metadata" ("key", "value", "created_at", "updated_at") VALUES (?, ?, ?, ?)[0m  [["key", "environment"], ["value", "development"], ["created_at", "2019-11-14 12:08:04.301327"], ["updated_at", "2019-11-14 12:08:04.301327"]]
  [1m[35m (0.9ms)[0m  [1m[36mcommit transaction[0m
  [1m[35m (0.1ms)[0m  [1m[34mSELECT sqlite_version(*)[0m
  [1m[35m (0.1ms)[0m  [1m[34mSELECT "schema_migrations"."version" FROM "schema_migrations" ORDER BY "schema_migrations"."version" ASC[0m
  [1m[35m (0.9ms)[0m  [1m[34mSELECT sqlite_version(*)[0m
  [1m[35m (0.1ms)[0m  [1m[34mSELECT "schema_migrations"."version" FROM "schema_migrations" ORDER BY "schema_migrations"."version" ASC[0m
  [1m[35m (0.1ms)[0m  [1m[34mSELECT sqlite_version(*)[0m
  [1m[35m (0.0ms)[0m  [1m[36mbegin transaction[0m
  [1m[36mPlayer Create (0.4ms)[0m  [1m[32mINSERT INTO "players" ("name", "score", "created_at", "updated_at") VALUES (?, ?, ?, ?)[0m  [["name", "BigMomma"], ["score", 10], ["created_at", "2019-11-14 12:08:09.333724"], ["updated_at", "2019-11-14 12:08:09.333724"]]
  [1m[35m (0.7ms)[0m  [1m[36mcommit transaction[0m
Started GET "/" for ::1 at 2019-11-14 12:16:05 +0000
  [1m[35m (0.9ms)[0m  [1m[34mSELECT sqlite_version(*)[0m
  [1m[35m (0.5ms)[0m  [1m[34mSELECT "schema_migrations"."version" FROM "schema_migrations" ORDER BY "schema_migrations"."version" ASC[0m
Processing by Rails::WelcomeController#index as HTML
  Rendering /Users/milenkhanal/.rvm/gems/ruby-2.6.1/gems/railties-6.0.1/lib/rails/templates/rails/welcome/index.html.erb
  Rendered /Users/milenkhanal/.rvm/gems/ruby-2.6.1/gems/railties-6.0.1/lib/rails/templates/rails/welcome/index.html.erb (Duration: 7.7ms | Allocations: 482)
Completed 200 OK in 19ms (Views: 13.1ms | ActiveRecord: 0.0ms | Allocations: 2643)


Started GET "/favicon.ico" for ::1 at 2019-11-14 12:16:08 +0000
  
ActionController::RoutingError (No route matches [GET] "/favicon.ico"):
  
actionpack (6.0.1) lib/action_dispatch/middleware/debug_exceptions.rb:36:in `call'
actionpack (6.0.1) lib/action_dispatch/middleware/show_exceptions.rb:33:in `call'
railties (6.0.1) lib/rails/rack/logger.rb:38:in `call_app'
railties (6.0.1) lib/rails/rack/logger.rb:26:in `block in call'
activesupport (6.0.1) lib/active_support/tagged_logging.rb:80:in `block in tagged'
activesupport (6.0.1) lib/active_support/tagged_logging.rb:28:in `tagged'
activesupport (6.0.1) lib/active_support/tagged_logging.rb:80:in `tagged'
railties (6.0.1) lib/rails/rack/logger.rb:26:in `call'
actionpack (6.0.1) lib/action_dispatch/middleware/remote_ip.rb:81:in `call'
actionpack (6.0.1) lib/action_dispatch/middleware/request_id.rb:27:in `call'
rack (2.0.7) lib/rack/runtime.rb:22:in `call'
activesupport (6.0.1) lib/active_support/cache/strategy/local_cache_middleware.rb:29:in `call'
actionpack (6.0.1) lib/action_dispatch/middleware/executor.rb:14:in `call'
actionpack (6.0.1) lib/action_dispatch/middleware/static.rb:126:in `call'
rack (2.0.7) lib/rack/sendfile.rb:111:in `call'
actionpack (6.0.1) lib/action_dispatch/middleware/host_authorization.rb:83:in `call'
rack-cors (1.0.3) lib/rack/cors.rb:95:in `call'
railties (6.0.1) lib/rails/engine.rb:526:in `call'
puma (4.3.0) lib/puma/configuration.rb:228:in `call'
puma (4.3.0) lib/puma/server.rb:667:in `handle_request'
puma (4.3.0) lib/puma/server.rb:470:in `process_client'
puma (4.3.0) lib/puma/server.rb:328:in `block in run'
puma (4.3.0) lib/puma/thread_pool.rb:134:in `block in spawn_thread'
  [1m[35m (0.8ms)[0m  [1m[34mSELECT sqlite_version(*)[0m
  [1m[36mPlayer Load (1.1ms)[0m  [1m[34mSELECT "players".* FROM "players" LIMIT ?[0m  [["LIMIT", 11]]
Started GET "/json" for ::1 at 2019-11-14 12:16:50 +0000
  
ActionController::RoutingError (No route matches [GET] "/json"):
  
actionpack (6.0.1) lib/action_dispatch/middleware/debug_exceptions.rb:36:in `call'
actionpack (6.0.1) lib/action_dispatch/middleware/show_exceptions.rb:33:in `call'
railties (6.0.1) lib/rails/rack/logger.rb:38:in `call_app'
railties (6.0.1) lib/rails/rack/logger.rb:26:in `block in call'
activesupport (6.0.1) lib/active_support/tagged_logging.rb:80:in `block in tagged'
activesupport (6.0.1) lib/active_support/tagged_logging.rb:28:in `tagged'
activesupport (6.0.1) lib/active_support/tagged_logging.rb:80:in `tagged'
railties (6.0.1) lib/rails/rack/logger.rb:26:in `call'
actionpack (6.0.1) lib/action_dispatch/middleware/remote_ip.rb:81:in `call'
actionpack (6.0.1) lib/action_dispatch/middleware/request_id.rb:27:in `call'
rack (2.0.7) lib/rack/runtime.rb:22:in `call'
activesupport (6.0.1) lib/active_support/cache/strategy/local_cache_middleware.rb:29:in `call'
actionpack (6.0.1) lib/action_dispatch/middleware/executor.rb:14:in `call'
actionpack (6.0.1) lib/action_dispatch/middleware/static.rb:126:in `call'
rack (2.0.7) lib/rack/sendfile.rb:111:in `call'
actionpack (6.0.1) lib/action_dispatch/middleware/host_authorization.rb:83:in `call'
rack-cors (1.0.3) lib/rack/cors.rb:95:in `call'
railties (6.0.1) lib/rails/engine.rb:526:in `call'
puma (4.3.0) lib/puma/configuration.rb:228:in `call'
puma (4.3.0) lib/puma/server.rb:667:in `handle_request'
puma (4.3.0) lib/puma/server.rb:470:in `process_client'
puma (4.3.0) lib/puma/server.rb:328:in `block in run'
puma (4.3.0) lib/puma/thread_pool.rb:134:in `block in spawn_thread'
Started GET "/players" for ::1 at 2019-11-14 12:17:23 +0000
  
SyntaxError (/Users/milenkhanal/mod3project/game-api/app/controllers/players_controller.rb:11: syntax error, unexpected ':', expecting end
        render json : player, include:[:name, :sco...
                    ^):
  
app/controllers/players_controller.rb:11: syntax error, unexpected ':', expecting end
app/controllers/players_controller.rb:11: syntax error, unexpected ':', expecting end
Started GET "/players" for ::1 at 2019-11-14 12:18:27 +0000
  [1m[35m (0.1ms)[0m  [1m[34mSELECT sqlite_version(*)[0m
Processing by PlayersController#index as HTML
  [1m[36mPlayer Load (0.7ms)[0m  [1m[34mSELECT "players".* FROM "players"[0m
  ↳ app/controllers/players_controller.rb:5:in `index'
Completed 500 Internal Server Error in 9ms (ActiveRecord: 1.2ms | Allocations: 5756)


  
NoMethodError (undefined method `serializable_hash' for "BigMomma":String):
  
app/controllers/players_controller.rb:5:in `index'
  [1m[35m (1.6ms)[0m  [1m[34mSELECT sqlite_version(*)[0m
  [1m[35m (0.7ms)[0m  [1m[34mSELECT "schema_migrations"."version" FROM "schema_migrations" ORDER BY "schema_migrations"."version" ASC[0m
  [1m[35m (0.0ms)[0m  [1m[34mSELECT sqlite_version(*)[0m
  [1m[35m (0.0ms)[0m  [1m[36mbegin transaction[0m
  [1m[36mPlayer Create (1.1ms)[0m  [1m[32mINSERT INTO "players" ("name", "score", "created_at", "updated_at") VALUES (?, ?, ?, ?)[0m  [["name", "Biggie"], ["score", 10], ["created_at", "2019-11-14 12:19:14.050575"], ["updated_at", "2019-11-14 12:19:14.050575"]]
  [1m[35m (1.0ms)[0m  [1m[36mcommit transaction[0m
Started GET "/players" for ::1 at 2019-11-14 12:19:17 +0000
Processing by PlayersController#index as HTML
  [1m[36mPlayer Load (0.3ms)[0m  [1m[34mSELECT "players".* FROM "players"[0m
  ↳ app/controllers/players_controller.rb:5:in `index'
Completed 500 Internal Server Error in 7ms (ActiveRecord: 0.3ms | Allocations: 1806)


  
NoMethodError (undefined method `serializable_hash' for "BigMomma":String):
  
app/controllers/players_controller.rb:5:in `index'
Started GET "/players" for ::1 at 2019-11-14 12:19:18 +0000
Processing by PlayersController#index as HTML
  [1m[36mPlayer Load (0.1ms)[0m  [1m[34mSELECT "players".* FROM "players"[0m
  ↳ app/controllers/players_controller.rb:5:in `index'
Completed 500 Internal Server Error in 6ms (ActiveRecord: 0.1ms | Allocations: 1804)


  
NoMethodError (undefined method `serializable_hash' for "BigMomma":String):
  
app/controllers/players_controller.rb:5:in `index'
Started GET "/players" for ::1 at 2019-11-14 12:19:18 +0000
Processing by PlayersController#index as HTML
  [1m[36mPlayer Load (0.1ms)[0m  [1m[34mSELECT "players".* FROM "players"[0m
  ↳ app/controllers/players_controller.rb:5:in `index'
Completed 500 Internal Server Error in 3ms (ActiveRecord: 0.1ms | Allocations: 1788)


  
NoMethodError (undefined method `serializable_hash' for "BigMomma":String):
  
app/controllers/players_controller.rb:5:in `index'
Started GET "/players" for ::1 at 2019-11-14 12:19:19 +0000
Processing by PlayersController#index as HTML
  [1m[36mPlayer Load (0.1ms)[0m  [1m[34mSELECT "players".* FROM "players"[0m
  ↳ app/controllers/players_controller.rb:5:in `index'
Completed 500 Internal Server Error in 3ms (ActiveRecord: 0.1ms | Allocations: 1788)


  
NoMethodError (undefined method `serializable_hash' for "BigMomma":String):
  
app/controllers/players_controller.rb:5:in `index'
Started GET "/players" for ::1 at 2019-11-14 12:19:19 +0000
Processing by PlayersController#index as HTML
  [1m[36mPlayer Load (0.1ms)[0m  [1m[34mSELECT "players".* FROM "players"[0m
  ↳ app/controllers/players_controller.rb:5:in `index'
Completed 500 Internal Server Error in 3ms (ActiveRecord: 0.1ms | Allocations: 1788)


  
NoMethodError (undefined method `serializable_hash' for "BigMomma":String):
  
app/controllers/players_controller.rb:5:in `index'
Started GET "/players" for ::1 at 2019-11-14 12:19:20 +0000
Processing by PlayersController#index as HTML
  [1m[36mPlayer Load (0.1ms)[0m  [1m[34mSELECT "players".* FROM "players"[0m
  ↳ app/controllers/players_controller.rb:5:in `index'
Completed 500 Internal Server Error in 5ms (ActiveRecord: 0.1ms | Allocations: 1788)


  
NoMethodError (undefined method `serializable_hash' for "BigMomma":String):
  
app/controllers/players_controller.rb:5:in `index'
  [1m[35m (1.4ms)[0m  [1m[34mSELECT sqlite_version(*)[0m
  [1m[35m (0.1ms)[0m  [1m[34mSELECT "schema_migrations"."version" FROM "schema_migrations" ORDER BY "schema_migrations"."version" ASC[0m
  [1m[35m (0.1ms)[0m  [1m[34mSELECT "ar_internal_metadata"."value" FROM "ar_internal_metadata" WHERE "ar_internal_metadata"."key" = ?[0m  [["key", "environment"]]
  [1m[35m (0.1ms)[0m  [1m[34mSELECT "schema_migrations"."version" FROM "schema_migrations" ORDER BY "schema_migrations"."version" ASC[0m
  [1m[35m (0.1ms)[0m  [1m[34mSELECT "ar_internal_metadata"."value" FROM "ar_internal_metadata" WHERE "ar_internal_metadata"."key" = ?[0m  [["key", "environment"]]
  [1m[35m (0.1ms)[0m  [1m[34mSELECT "schema_migrations"."version" FROM "schema_migrations" ORDER BY "schema_migrations"."version" ASC[0m
  [1m[35m (0.1ms)[0m  [1m[34mSELECT "ar_internal_metadata"."value" FROM "ar_internal_metadata" WHERE "ar_internal_metadata"."key" = ?[0m  [["key", "environment"]]
  [1m[35m (1.2ms)[0m  [1m[34mSELECT sqlite_version(*)[0m
  [1m[35m (1.9ms)[0m  [1m[35mCREATE TABLE "schema_migrations" ("version" varchar NOT NULL PRIMARY KEY)[0m
  [1m[35m (2.5ms)[0m  [1m[35mCREATE TABLE "ar_internal_metadata" ("key" varchar NOT NULL PRIMARY KEY, "value" varchar, "created_at" datetime(6) NOT NULL, "updated_at" datetime(6) NOT NULL)[0m
  [1m[35m (0.2ms)[0m  [1m[34mSELECT "schema_migrations"."version" FROM "schema_migrations" ORDER BY "schema_migrations"."version" ASC[0m
  [1m[35m (0.4ms)[0m  [1m[34mSELECT sqlite_version(*)[0m
  [1m[35m (0.1ms)[0m  [1m[34mSELECT "schema_migrations"."version" FROM "schema_migrations" ORDER BY "schema_migrations"."version" ASC[0m
Migrating to CreatePlayers (20191114120035)
  [1m[35m (0.1ms)[0m  [1m[36mbegin transaction[0m
  [1m[35m (0.5ms)[0m  [1m[35mCREATE TABLE "players" ("id" integer PRIMARY KEY AUTOINCREMENT NOT NULL, "name" varchar, "score" integer, "created_at" datetime(6) NOT NULL, "updated_at" datetime(6) NOT NULL)[0m
  [1m[36mprimary::SchemaMigration Create (0.1ms)[0m  [1m[32mINSERT INTO "schema_migrations" ("version") VALUES (?)[0m  [["version", "20191114120035"]]
  [1m[35m (0.7ms)[0m  [1m[36mcommit transaction[0m
  [1m[36mActiveRecord::InternalMetadata Load (0.1ms)[0m  [1m[34mSELECT "ar_internal_metadata".* FROM "ar_internal_metadata" WHERE "ar_internal_metadata"."key" = ? LIMIT ?[0m  [["key", "environment"], ["LIMIT", 1]]
  [1m[35m (0.0ms)[0m  [1m[36mbegin transaction[0m
  [1m[36mActiveRecord::InternalMetadata Create (0.3ms)[0m  [1m[32mINSERT INTO "ar_internal_metadata" ("key", "value", "created_at", "updated_at") VALUES (?, ?, ?, ?)[0m  [["key", "environment"], ["value", "development"], ["created_at", "2019-11-14 12:19:56.241959"], ["updated_at", "2019-11-14 12:19:56.241959"]]
  [1m[35m (1.0ms)[0m  [1m[36mcommit transaction[0m
  [1m[35m (0.0ms)[0m  [1m[34mSELECT sqlite_version(*)[0m
  [1m[35m (0.1ms)[0m  [1m[34mSELECT "schema_migrations"."version" FROM "schema_migrations" ORDER BY "schema_migrations"."version" ASC[0m
Started GET "/players" for ::1 at 2019-11-14 12:19:58 +0000
  [1m[35m (0.1ms)[0m  [1m[34mSELECT sqlite_version(*)[0m
Processing by PlayersController#index as HTML
  [1m[36mPlayer Load (0.2ms)[0m  [1m[34mSELECT "players".* FROM "players"[0m
  ↳ app/controllers/players_controller.rb:5:in `index'
Completed 200 OK in 5ms (Views: 3.0ms | ActiveRecord: 0.6ms | Allocations: 1538)


Started GET "/player" for ::1 at 2019-11-14 12:20:13 +0000
  
ActionController::RoutingError (No route matches [GET] "/player"):
  
actionpack (6.0.1) lib/action_dispatch/middleware/debug_exceptions.rb:36:in `call'
actionpack (6.0.1) lib/action_dispatch/middleware/show_exceptions.rb:33:in `call'
railties (6.0.1) lib/rails/rack/logger.rb:38:in `call_app'
railties (6.0.1) lib/rails/rack/logger.rb:26:in `block in call'
activesupport (6.0.1) lib/active_support/tagged_logging.rb:80:in `block in tagged'
activesupport (6.0.1) lib/active_support/tagged_logging.rb:28:in `tagged'
activesupport (6.0.1) lib/active_support/tagged_logging.rb:80:in `tagged'
railties (6.0.1) lib/rails/rack/logger.rb:26:in `call'
actionpack (6.0.1) lib/action_dispatch/middleware/remote_ip.rb:81:in `call'
actionpack (6.0.1) lib/action_dispatch/middleware/request_id.rb:27:in `call'
rack (2.0.7) lib/rack/runtime.rb:22:in `call'
activesupport (6.0.1) lib/active_support/cache/strategy/local_cache_middleware.rb:29:in `call'
actionpack (6.0.1) lib/action_dispatch/middleware/executor.rb:14:in `call'
actionpack (6.0.1) lib/action_dispatch/middleware/static.rb:126:in `call'
rack (2.0.7) lib/rack/sendfile.rb:111:in `call'
actionpack (6.0.1) lib/action_dispatch/middleware/host_authorization.rb:83:in `call'
rack-cors (1.0.3) lib/rack/cors.rb:95:in `call'
railties (6.0.1) lib/rails/engine.rb:526:in `call'
puma (4.3.0) lib/puma/configuration.rb:228:in `call'
puma (4.3.0) lib/puma/server.rb:667:in `handle_request'
puma (4.3.0) lib/puma/server.rb:470:in `process_client'
puma (4.3.0) lib/puma/server.rb:328:in `block in run'
puma (4.3.0) lib/puma/thread_pool.rb:134:in `block in spawn_thread'
Started GET "/player" for ::1 at 2019-11-14 12:20:50 +0000
  [1m[35m (0.1ms)[0m  [1m[34mSELECT sqlite_version(*)[0m
  
ActionController::RoutingError (No route matches [GET] "/player"):
  
actionpack (6.0.1) lib/action_dispatch/middleware/debug_exceptions.rb:36:in `call'
actionpack (6.0.1) lib/action_dispatch/middleware/show_exceptions.rb:33:in `call'
railties (6.0.1) lib/rails/rack/logger.rb:38:in `call_app'
railties (6.0.1) lib/rails/rack/logger.rb:26:in `block in call'
activesupport (6.0.1) lib/active_support/tagged_logging.rb:80:in `block in tagged'
activesupport (6.0.1) lib/active_support/tagged_logging.rb:28:in `tagged'
activesupport (6.0.1) lib/active_support/tagged_logging.rb:80:in `tagged'
railties (6.0.1) lib/rails/rack/logger.rb:26:in `call'
actionpack (6.0.1) lib/action_dispatch/middleware/remote_ip.rb:81:in `call'
actionpack (6.0.1) lib/action_dispatch/middleware/request_id.rb:27:in `call'
rack (2.0.7) lib/rack/runtime.rb:22:in `call'
activesupport (6.0.1) lib/active_support/cache/strategy/local_cache_middleware.rb:29:in `call'
actionpack (6.0.1) lib/action_dispatch/middleware/executor.rb:14:in `call'
actionpack (6.0.1) lib/action_dispatch/middleware/static.rb:126:in `call'
rack (2.0.7) lib/rack/sendfile.rb:111:in `call'
actionpack (6.0.1) lib/action_dispatch/middleware/host_authorization.rb:83:in `call'
rack-cors (1.0.3) lib/rack/cors.rb:95:in `call'
railties (6.0.1) lib/rails/engine.rb:526:in `call'
puma (4.3.0) lib/puma/configuration.rb:228:in `call'
puma (4.3.0) lib/puma/server.rb:667:in `handle_request'
puma (4.3.0) lib/puma/server.rb:470:in `process_client'
puma (4.3.0) lib/puma/server.rb:328:in `block in run'
puma (4.3.0) lib/puma/thread_pool.rb:134:in `block in spawn_thread'
Started GET "/players" for ::1 at 2019-11-14 12:20:58 +0000
  [1m[35m (0.1ms)[0m  [1m[34mSELECT sqlite_version(*)[0m
Processing by PlayersController#index as HTML
  [1m[36mPlayer Load (0.1ms)[0m  [1m[34mSELECT "players".* FROM "players"[0m
  ↳ app/controllers/players_controller.rb:5:in `index'
Completed 200 OK in 3ms (Views: 1.3ms | ActiveRecord: 0.3ms | Allocations: 1535)


  [1m[35m (1.2ms)[0m  [1m[34mSELECT sqlite_version(*)[0m
  [1m[36mPlayer Load (0.3ms)[0m  [1m[34mSELECT "players".* FROM "players" LIMIT ?[0m  [["LIMIT", 11]]
  [1m[35m (0.4ms)[0m  [1m[34mSELECT sqlite_version(*)[0m
  [1m[35m (0.2ms)[0m  [1m[34mSELECT "schema_migrations"."version" FROM "schema_migrations" ORDER BY "schema_migrations"."version" ASC[0m
  [1m[35m (0.1ms)[0m  [1m[34mSELECT sqlite_version(*)[0m
  [1m[35m (0.1ms)[0m  [1m[36mbegin transaction[0m
  [1m[36mPlayer Create (0.5ms)[0m  [1m[32mINSERT INTO "players" ("name", "score", "created_at", "updated_at") VALUES (?, ?, ?, ?)[0m  [["name", "Biggie"], ["score", 10], ["created_at", "2019-11-14 12:21:48.427163"], ["updated_at", "2019-11-14 12:21:48.427163"]]
  [1m[35m (0.7ms)[0m  [1m[36mcommit transaction[0m
  [1m[35m (1.1ms)[0m  [1m[34mSELECT sqlite_version(*)[0m
  [1m[35m (0.1ms)[0m  [1m[34mSELECT "schema_migrations"."version" FROM "schema_migrations" ORDER BY "schema_migrations"."version" ASC[0m
  [1m[36mActiveRecord::InternalMetadata Load (0.1ms)[0m  [1m[34mSELECT "ar_internal_metadata".* FROM "ar_internal_metadata" WHERE "ar_internal_metadata"."key" = ? LIMIT ?[0m  [["key", "environment"], ["LIMIT", 1]]
  [1m[35m (0.0ms)[0m  [1m[34mSELECT sqlite_version(*)[0m
  [1m[35m (0.1ms)[0m  [1m[34mSELECT "schema_migrations"."version" FROM "schema_migrations" ORDER BY "schema_migrations"."version" ASC[0m
  [1m[35m (0.4ms)[0m  [1m[34mSELECT sqlite_version(*)[0m
  [1m[35m (0.1ms)[0m  [1m[34mSELECT "schema_migrations"."version" FROM "schema_migrations" ORDER BY "schema_migrations"."version" ASC[0m
  [1m[35m (0.1ms)[0m  [1m[34mSELECT "ar_internal_metadata"."value" FROM "ar_internal_metadata" WHERE "ar_internal_metadata"."key" = ?[0m  [["key", "environment"]]
  [1m[35m (0.0ms)[0m  [1m[34mSELECT "schema_migrations"."version" FROM "schema_migrations" ORDER BY "schema_migrations"."version" ASC[0m
  [1m[35m (0.1ms)[0m  [1m[34mSELECT "ar_internal_metadata"."value" FROM "ar_internal_metadata" WHERE "ar_internal_metadata"."key" = ?[0m  [["key", "environment"]]
  [1m[35m (0.1ms)[0m  [1m[34mSELECT "schema_migrations"."version" FROM "schema_migrations" ORDER BY "schema_migrations"."version" ASC[0m
  [1m[35m (0.1ms)[0m  [1m[34mSELECT "ar_internal_metadata"."value" FROM "ar_internal_metadata" WHERE "ar_internal_metadata"."key" = ?[0m  [["key", "environment"]]
  [1m[35m (1.2ms)[0m  [1m[34mSELECT sqlite_version(*)[0m
  [1m[35m (1.3ms)[0m  [1m[35mCREATE TABLE "schema_migrations" ("version" varchar NOT NULL PRIMARY KEY)[0m
  [1m[35m (1.0ms)[0m  [1m[35mCREATE TABLE "ar_internal_metadata" ("key" varchar NOT NULL PRIMARY KEY, "value" varchar, "created_at" datetime(6) NOT NULL, "updated_at" datetime(6) NOT NULL)[0m
  [1m[35m (0.1ms)[0m  [1m[34mSELECT "schema_migrations"."version" FROM "schema_migrations" ORDER BY "schema_migrations"."version" ASC[0m
  [1m[35m (0.0ms)[0m  [1m[34mSELECT "schema_migrations"."version" FROM "schema_migrations" ORDER BY "schema_migrations"."version" ASC[0m
  [1m[35m (0.0ms)[0m  [1m[34mSELECT "schema_migrations"."version" FROM "schema_migrations" ORDER BY "schema_migrations"."version" ASC[0m
  [1m[35m (0.0ms)[0m  [1m[34mSELECT sqlite_version(*)[0m
  [1m[35m (0.1ms)[0m  [1m[34mSELECT "schema_migrations"."version" FROM "schema_migrations" ORDER BY "schema_migrations"."version" ASC[0m
  [1m[35m (0.4ms)[0m  [1m[34mSELECT sqlite_version(*)[0m
  [1m[35m (0.1ms)[0m  [1m[34mSELECT "schema_migrations"."version" FROM "schema_migrations" ORDER BY "schema_migrations"."version" ASC[0m
Migrating to CreatePlayers (20191114120035)
  [1m[35m (0.1ms)[0m  [1m[36mbegin transaction[0m
  [1m[35m (0.5ms)[0m  [1m[35mCREATE TABLE "players" ("id" integer PRIMARY KEY AUTOINCREMENT NOT NULL, "name" varchar, "score" integer, "created_at" datetime(6) NOT NULL, "updated_at" datetime(6) NOT NULL)[0m
  [1m[36mprimary::SchemaMigration Create (0.2ms)[0m  [1m[32mINSERT INTO "schema_migrations" ("version") VALUES (?)[0m  [["version", "20191114120035"]]
  [1m[35m (0.9ms)[0m  [1m[36mcommit transaction[0m
  [1m[36mActiveRecord::InternalMetadata Load (0.3ms)[0m  [1m[34mSELECT "ar_internal_metadata".* FROM "ar_internal_metadata" WHERE "ar_internal_metadata"."key" = ? LIMIT ?[0m  [["key", "environment"], ["LIMIT", 1]]
  [1m[35m (0.0ms)[0m  [1m[36mbegin transaction[0m
  [1m[36mActiveRecord::InternalMetadata Create (0.3ms)[0m  [1m[32mINSERT INTO "ar_internal_metadata" ("key", "value", "created_at", "updated_at") VALUES (?, ?, ?, ?)[0m  [["key", "environment"], ["value", "development"], ["created_at", "2019-11-14 12:22:27.716774"], ["updated_at", "2019-11-14 12:22:27.716774"]]
  [1m[35m (0.7ms)[0m  [1m[36mcommit transaction[0m
  [1m[35m (0.1ms)[0m  [1m[34mSELECT sqlite_version(*)[0m
  [1m[35m (0.1ms)[0m  [1m[34mSELECT "schema_migrations"."version" FROM "schema_migrations" ORDER BY "schema_migrations"."version" ASC[0m
  [1m[35m (0.3ms)[0m  [1m[34mSELECT sqlite_version(*)[0m
  [1m[35m (0.1ms)[0m  [1m[34mSELECT "schema_migrations"."version" FROM "schema_migrations" ORDER BY "schema_migrations"."version" ASC[0m
  [1m[35m (0.0ms)[0m  [1m[34mSELECT sqlite_version(*)[0m
  [1m[35m (0.0ms)[0m  [1m[36mbegin transaction[0m
  [1m[36mPlayer Create (0.3ms)[0m  [1m[32mINSERT INTO "players" ("name", "score", "created_at", "updated_at") VALUES (?, ?, ?, ?)[0m  [["name", "Biggie"], ["score", 10], ["created_at", "2019-11-14 12:22:32.788140"], ["updated_at", "2019-11-14 12:22:32.788140"]]
  [1m[35m (1.5ms)[0m  [1m[36mcommit transaction[0m
  [1m[35m (0.7ms)[0m  [1m[34mSELECT sqlite_version(*)[0m
  [1m[36mPlayer Load (0.3ms)[0m  [1m[34mSELECT "players".* FROM "players" LIMIT ?[0m  [["LIMIT", 11]]
Started GET "/players" for ::1 at 2019-11-14 12:22:49 +0000
  [1m[35m (0.1ms)[0m  [1m[34mSELECT sqlite_version(*)[0m
Processing by PlayersController#index as HTML
  [1m[36mPlayer Load (0.1ms)[0m  [1m[34mSELECT "players".* FROM "players"[0m
  ↳ app/controllers/players_controller.rb:5:in `index'
Completed 500 Internal Server Error in 8ms (ActiveRecord: 0.5ms | Allocations: 5409)


  
NoMethodError (undefined method `serializable_hash' for "Biggie":String):
  
app/controllers/players_controller.rb:5:in `index'
Started GET "/players" for ::1 at 2019-11-14 12:22:50 +0000
Processing by PlayersController#index as HTML
  [1m[36mPlayer Load (0.2ms)[0m  [1m[34mSELECT "players".* FROM "players"[0m
  ↳ app/controllers/players_controller.rb:5:in `index'
Completed 500 Internal Server Error in 6ms (ActiveRecord: 0.2ms | Allocations: 1788)


  
NoMethodError (undefined method `serializable_hash' for "Biggie":String):
  
app/controllers/players_controller.rb:5:in `index'
Started GET "/players" for ::1 at 2019-11-14 13:12:52 +0000
  [1m[35m (0.1ms)[0m  [1m[34mSELECT sqlite_version(*)[0m
  
SyntaxError (/Users/milenkhanal/mod3project/game-api/app/controllers/players_controller.rb:5: syntax error, unexpected ( arg, expecting end
... render json: players.to_json (:include: => {:player => {:on...
...                              ^
/Users/milenkhanal/mod3project/game-api/app/controllers/players_controller.rb:5: syntax error, unexpected ':', expecting ')'
...son: players.to_json (:include: => {:player => {:only => [:n...
...                              ^
/Users/milenkhanal/mod3project/game-api/app/controllers/players_controller.rb:5: syntax error, unexpected ',', expecting end
...=> {:only => [:name, :score]}},:except =>[:created_at])
...                              ^
/Users/milenkhanal/mod3project/game-api/app/controllers/players_controller.rb:5: syntax error, unexpected ')', expecting end
...ore]}},:except =>[:created_at])
...                              ^):
  
app/controllers/players_controller.rb:5: syntax error, unexpected ( arg, expecting end
app/controllers/players_controller.rb:5: syntax error, unexpected ':', expecting ')'
app/controllers/players_controller.rb:5: syntax error, unexpected ',', expecting end
app/controllers/players_controller.rb:5: syntax error, unexpected ')', expecting end
app/controllers/players_controller.rb:5: syntax error, unexpected ( arg, expecting end
app/controllers/players_controller.rb:5: syntax error, unexpected ':', expecting ')'
app/controllers/players_controller.rb:5: syntax error, unexpected ',', expecting end
app/controllers/players_controller.rb:5: syntax error, unexpected ')', expecting end
Started GET "/players" for ::1 at 2019-11-14 13:12:56 +0000
  
SyntaxError (/Users/milenkhanal/mod3project/game-api/app/controllers/players_controller.rb:5: syntax error, unexpected ( arg, expecting end
... render json: players.to_json (:include: => {:player => {:on...
...                              ^
/Users/milenkhanal/mod3project/game-api/app/controllers/players_controller.rb:5: syntax error, unexpected ':', expecting ')'
...son: players.to_json (:include: => {:player => {:only => [:n...
...                              ^
/Users/milenkhanal/mod3project/game-api/app/controllers/players_controller.rb:5: syntax error, unexpected ',', expecting end
...=> {:only => [:name, :score]}},:except =>[:created_at])
...                              ^
/Users/milenkhanal/mod3project/game-api/app/controllers/players_controller.rb:5: syntax error, unexpected ')', expecting end
...ore]}},:except =>[:created_at])
...                              ^):
  
app/controllers/players_controller.rb:5: syntax error, unexpected ( arg, expecting end
app/controllers/players_controller.rb:5: syntax error, unexpected ':', expecting ')'
app/controllers/players_controller.rb:5: syntax error, unexpected ',', expecting end
app/controllers/players_controller.rb:5: syntax error, unexpected ')', expecting end
app/controllers/players_controller.rb:5: syntax error, unexpected ( arg, expecting end
app/controllers/players_controller.rb:5: syntax error, unexpected ':', expecting ')'
app/controllers/players_controller.rb:5: syntax error, unexpected ',', expecting end
app/controllers/players_controller.rb:5: syntax error, unexpected ')', expecting end
Started GET "/players" for ::1 at 2019-11-14 13:13:17 +0000
  [1m[35m (0.1ms)[0m  [1m[34mSELECT sqlite_version(*)[0m
  
SyntaxError (/Users/milenkhanal/mod3project/game-api/app/controllers/players_controller.rb:5: syntax error, unexpected tLABEL, expecting end
... json: players.to_json include: [:name, :score]
...                       ^~~~~~~~):
  
app/controllers/players_controller.rb:5: syntax error, unexpected tLABEL, expecting end
app/controllers/players_controller.rb:5: syntax error, unexpected tLABEL, expecting end
Started GET "/players" for ::1 at 2019-11-14 13:13:26 +0000
  
SyntaxError (/Users/milenkhanal/mod3project/game-api/app/controllers/players_controller.rb:5: syntax error, unexpected tLABEL, expecting end
... json: players.to_json include: [:name, :score]
...                       ^~~~~~~~):
  
app/controllers/players_controller.rb:5: syntax error, unexpected tLABEL, expecting end
app/controllers/players_controller.rb:5: syntax error, unexpected tLABEL, expecting end
Started GET "/players" for ::1 at 2019-11-14 13:13:33 +0000
  [1m[35m (0.2ms)[0m  [1m[34mSELECT sqlite_version(*)[0m
Processing by PlayersController#index as HTML
  [1m[36mPlayer Load (0.3ms)[0m  [1m[34mSELECT "players".* FROM "players"[0m
  ↳ app/controllers/players_controller.rb:5:in `index'
Completed 500 Internal Server Error in 29ms (ActiveRecord: 1.5ms | Allocations: 5402)


  
NoMethodError (undefined method `serializable_hash' for "Biggie":String):
  
app/controllers/players_controller.rb:5:in `index'
Started GET "/players" for ::1 at 2019-11-14 13:23:50 +0000
  [1m[35m (0.1ms)[0m  [1m[34mSELECT sqlite_version(*)[0m
Processing by PlayersController#index as HTML
Completed 500 Internal Server Error in 9ms (ActiveRecord: 0.0ms | Allocations: 1935)


  
NameError (uninitialized constant PlayersController::PlayerSerializer):
  
app/controllers/players_controller.rb:5:in `index'
Started GET "/players" for ::1 at 2019-11-14 13:23:52 +0000
Processing by PlayersController#index as HTML
Completed 500 Internal Server Error in 5ms (ActiveRecord: 0.0ms | Allocations: 1579)


  
NameError (uninitialized constant PlayersController::PlayerSerializer):
  
app/controllers/players_controller.rb:5:in `index'
  [1m[35m (1.0ms)[0m  [1m[34mSELECT sqlite_version(*)[0m
Started GET "/players" for ::1 at 2019-11-14 13:27:18 +0000
Processing by PlayersController#index as HTML
Completed 500 Internal Server Error in 4ms (ActiveRecord: 0.0ms | Allocations: 1579)


  
NameError (uninitialized constant PlayersController::PlayerSerializer):
  
app/controllers/players_controller.rb:5:in `index'
Started GET "/players" for ::1 at 2019-11-14 13:27:19 +0000
Processing by PlayersController#index as HTML
Completed 500 Internal Server Error in 5ms (ActiveRecord: 0.0ms | Allocations: 1579)


  
NameError (uninitialized constant PlayersController::PlayerSerializer):
  
app/controllers/players_controller.rb:5:in `index'
Started GET "/players" for ::1 at 2019-11-14 13:27:19 +0000
Processing by PlayersController#index as HTML
Completed 500 Internal Server Error in 5ms (ActiveRecord: 0.0ms | Allocations: 1579)


  
NameError (uninitialized constant PlayersController::PlayerSerializer):
  
app/controllers/players_controller.rb:5:in `index'
Started GET "/players" for ::1 at 2019-11-14 13:27:19 +0000
Processing by PlayersController#index as HTML
Completed 500 Internal Server Error in 5ms (ActiveRecord: 0.0ms | Allocations: 1579)


  
NameError (uninitialized constant PlayersController::PlayerSerializer):
  
app/controllers/players_controller.rb:5:in `index'
Started GET "/players" for ::1 at 2019-11-14 13:27:19 +0000
Processing by PlayersController#index as HTML
Completed 500 Internal Server Error in 7ms (ActiveRecord: 0.0ms | Allocations: 1579)


  
NameError (uninitialized constant PlayersController::PlayerSerializer):
  
app/controllers/players_controller.rb:5:in `index'
Started GET "/players" for ::1 at 2019-11-14 13:27:19 +0000
Processing by PlayersController#index as HTML
Completed 500 Internal Server Error in 4ms (ActiveRecord: 0.0ms | Allocations: 1579)


  
NameError (uninitialized constant PlayersController::PlayerSerializer):
  
app/controllers/players_controller.rb:5:in `index'
Started GET "/players" for ::1 at 2019-11-14 13:27:19 +0000
Processing by PlayersController#index as HTML
Completed 500 Internal Server Error in 5ms (ActiveRecord: 0.0ms | Allocations: 1579)


  
NameError (uninitialized constant PlayersController::PlayerSerializer):
  
app/controllers/players_controller.rb:5:in `index'
Started GET "/players" for ::1 at 2019-11-14 13:27:20 +0000
Processing by PlayersController#index as HTML
Completed 500 Internal Server Error in 5ms (ActiveRecord: 0.0ms | Allocations: 1579)


  
NameError (uninitialized constant PlayersController::PlayerSerializer):
  
app/controllers/players_controller.rb:5:in `index'
Started GET "/players" for ::1 at 2019-11-14 13:27:20 +0000
Processing by PlayersController#index as HTML
Completed 500 Internal Server Error in 5ms (ActiveRecord: 0.0ms | Allocations: 1579)


  
NameError (uninitialized constant PlayersController::PlayerSerializer):
  
app/controllers/players_controller.rb:5:in `index'
Started GET "/players" for ::1 at 2019-11-14 13:27:21 +0000
Processing by PlayersController#index as HTML
Completed 500 Internal Server Error in 6ms (ActiveRecord: 0.0ms | Allocations: 1579)


  
NameError (uninitialized constant PlayersController::PlayerSerializer):
  
app/controllers/players_controller.rb:5:in `index'
Started GET "/players" for ::1 at 2019-11-14 13:27:21 +0000
Processing by PlayersController#index as HTML
Completed 500 Internal Server Error in 6ms (ActiveRecord: 0.0ms | Allocations: 1579)


  
NameError (uninitialized constant PlayersController::PlayerSerializer):
  
app/controllers/players_controller.rb:5:in `index'
Started GET "/players" for ::1 at 2019-11-14 13:27:21 +0000
Processing by PlayersController#index as HTML
Completed 500 Internal Server Error in 5ms (ActiveRecord: 0.0ms | Allocations: 1579)


  
NameError (uninitialized constant PlayersController::PlayerSerializer):
  
app/controllers/players_controller.rb:5:in `index'
Started GET "/players" for ::1 at 2019-11-14 13:41:23 +0000
  [1m[35m (0.2ms)[0m  [1m[34mSELECT sqlite_version(*)[0m
Processing by PlayersController#index as HTML
Completed 500 Internal Server Error in 6ms (ActiveRecord: 0.0ms | Allocations: 1579)


  
NameError (uninitialized constant PlayersController::PlayerSerializer):
  
app/controllers/players_controller.rb:5:in `index'
Started GET "/players" for ::1 at 2019-11-14 13:42:42 +0000
  [1m[35m (0.1ms)[0m  [1m[34mSELECT sqlite_version(*)[0m
Processing by PlayersController#index as HTML
Completed 500 Internal Server Error in 5ms (ActiveRecord: 0.0ms | Allocations: 1928)


  
NameError (uninitialized constant PlayersController::PlayerSerializer):
  
app/controllers/players_controller.rb:5:in `index'
Started GET "/players" for ::1 at 2019-11-14 13:43:36 +0000
  [1m[35m (0.1ms)[0m  [1m[34mSELECT sqlite_version(*)[0m
Processing by PlayersController#index as HTML
Completed 500 Internal Server Error in 6ms (ActiveRecord: 0.0ms | Allocations: 1928)


  
NameError (uninitialized constant PlayersController::PlayerSerializer):
  
app/controllers/players_controller.rb:5:in `index'
Started GET "/players" for ::1 at 2019-11-14 13:48:22 +0000
  [1m[35m (0.1ms)[0m  [1m[34mSELECT sqlite_version(*)[0m
Processing by PlayersController#index as HTML
Completed 500 Internal Server Error in 6ms (ActiveRecord: 0.0ms | Allocations: 2006)


  
NameError (uninitialized constant PlayersController::PlayerSerializer):
  
app/controllers/players_controller.rb:5:in `index'
Started GET "/players" for ::1 at 2019-11-14 13:48:23 +0000
Processing by PlayersController#index as HTML
Completed 500 Internal Server Error in 5ms (ActiveRecord: 0.0ms | Allocations: 1579)


  
NameError (uninitialized constant PlayersController::PlayerSerializer):
  
app/controllers/players_controller.rb:5:in `index'
Started GET "/players" for ::1 at 2019-11-14 13:48:24 +0000
Processing by PlayersController#index as HTML
Completed 500 Internal Server Error in 7ms (ActiveRecord: 0.0ms | Allocations: 1579)


  
NameError (uninitialized constant PlayersController::PlayerSerializer):
  
app/controllers/players_controller.rb:5:in `index'
  [1m[35m (0.8ms)[0m  [1m[34mSELECT sqlite_version(*)[0m
  [1m[36mPlayer Load (0.2ms)[0m  [1m[34mSELECT "players".* FROM "players" LIMIT ?[0m  [["LIMIT", 11]]
Started GET "/players" for ::1 at 2019-11-14 13:52:04 +0000
  [1m[35m (0.0ms)[0m  [1m[34mSELECT sqlite_version(*)[0m
  
SyntaxError (/Users/milenkhanal/mod3project/game-api/app/controllers/players_controller.rb:7: syntax error, unexpected end-of-input, expecting end):
  
app/controllers/players_controller.rb:7: syntax error, unexpected end-of-input, expecting end
app/controllers/players_controller.rb:7: syntax error, unexpected end-of-input, expecting end
Started GET "/players" for ::1 at 2019-11-14 13:52:12 +0000
  [1m[35m (0.1ms)[0m  [1m[34mSELECT sqlite_version(*)[0m
Processing by PlayersController#index as HTML
  [1m[36mPlayer Load (0.2ms)[0m  [1m[34mSELECT "players".* FROM "players"[0m
  ↳ app/controllers/players_controller.rb:5:in `index'
Completed 500 Internal Server Error in 14ms (ActiveRecord: 1.0ms | Allocations: 5417)


  
NoMethodError (undefined method `serializable_hash' for "Biggie":String):
  
app/controllers/players_controller.rb:5:in `index'
Started GET "/players" for ::1 at 2019-11-14 13:52:13 +0000
Processing by PlayersController#index as HTML
  [1m[36mPlayer Load (0.2ms)[0m  [1m[34mSELECT "players".* FROM "players"[0m
  ↳ app/controllers/players_controller.rb:5:in `index'
Completed 500 Internal Server Error in 5ms (ActiveRecord: 0.2ms | Allocations: 1778)


  
NoMethodError (undefined method `serializable_hash' for "Biggie":String):
  
app/controllers/players_controller.rb:5:in `index'
Started GET "/players" for ::1 at 2019-11-14 13:52:13 +0000
Processing by PlayersController#index as HTML
  [1m[36mPlayer Load (0.1ms)[0m  [1m[34mSELECT "players".* FROM "players"[0m
  ↳ app/controllers/players_controller.rb:5:in `index'
Completed 500 Internal Server Error in 4ms (ActiveRecord: 0.1ms | Allocations: 1778)


  
NoMethodError (undefined method `serializable_hash' for "Biggie":String):
  
app/controllers/players_controller.rb:5:in `index'
Started GET "/players" for ::1 at 2019-11-14 13:52:14 +0000
Processing by PlayersController#index as HTML
  [1m[36mPlayer Load (0.2ms)[0m  [1m[34mSELECT "players".* FROM "players"[0m
  ↳ app/controllers/players_controller.rb:5:in `index'
Completed 500 Internal Server Error in 6ms (ActiveRecord: 0.2ms | Allocations: 1778)


  
NoMethodError (undefined method `serializable_hash' for "Biggie":String):
  
app/controllers/players_controller.rb:5:in `index'
Started GET "/players" for ::1 at 2019-11-14 13:52:15 +0000
Processing by PlayersController#index as HTML
  [1m[36mPlayer Load (0.1ms)[0m  [1m[34mSELECT "players".* FROM "players"[0m
  ↳ app/controllers/players_controller.rb:5:in `index'
Completed 500 Internal Server Error in 7ms (ActiveRecord: 0.1ms | Allocations: 1778)


  
NoMethodError (undefined method `serializable_hash' for "Biggie":String):
  
app/controllers/players_controller.rb:5:in `index'
Started GET "/players" for ::1 at 2019-11-14 13:52:15 +0000
Processing by PlayersController#index as HTML
  [1m[36mPlayer Load (0.2ms)[0m  [1m[34mSELECT "players".* FROM "players"[0m
  ↳ app/controllers/players_controller.rb:5:in `index'
Completed 500 Internal Server Error in 6ms (ActiveRecord: 0.2ms | Allocations: 1778)


  
NoMethodError (undefined method `serializable_hash' for "Biggie":String):
  
app/controllers/players_controller.rb:5:in `index'
Started GET "/players" for ::1 at 2019-11-14 13:52:16 +0000
Processing by PlayersController#index as HTML
  [1m[36mPlayer Load (0.1ms)[0m  [1m[34mSELECT "players".* FROM "players"[0m
  ↳ app/controllers/players_controller.rb:5:in `index'
Completed 500 Internal Server Error in 4ms (ActiveRecord: 0.1ms | Allocations: 1778)


  
NoMethodError (undefined method `serializable_hash' for "Biggie":String):
  
app/controllers/players_controller.rb:5:in `index'
Started GET "/players" for ::1 at 2019-11-14 13:52:43 +0000
Processing by PlayersController#index as HTML
  [1m[36mPlayer Load (0.2ms)[0m  [1m[34mSELECT "players".* FROM "players"[0m
  ↳ app/controllers/players_controller.rb:5:in `index'
Completed 500 Internal Server Error in 5ms (ActiveRecord: 0.2ms | Allocations: 1778)


  
NoMethodError (undefined method `serializable_hash' for "Biggie":String):
  
app/controllers/players_controller.rb:5:in `index'
Started GET "/players" for ::1 at 2019-11-14 13:52:44 +0000
Processing by PlayersController#index as HTML
  [1m[36mPlayer Load (0.2ms)[0m  [1m[34mSELECT "players".* FROM "players"[0m
  ↳ app/controllers/players_controller.rb:5:in `index'
Completed 500 Internal Server Error in 7ms (ActiveRecord: 0.2ms | Allocations: 1778)


  
NoMethodError (undefined method `serializable_hash' for "Biggie":String):
  
app/controllers/players_controller.rb:5:in `index'
Started GET "/players" for ::1 at 2019-11-14 13:52:44 +0000
Processing by PlayersController#index as HTML
  [1m[36mPlayer Load (0.1ms)[0m  [1m[34mSELECT "players".* FROM "players"[0m
  ↳ app/controllers/players_controller.rb:5:in `index'
Completed 500 Internal Server Error in 6ms (ActiveRecord: 0.1ms | Allocations: 1778)


  
NoMethodError (undefined method `serializable_hash' for "Biggie":String):
  
app/controllers/players_controller.rb:5:in `index'
Started GET "/players" for ::1 at 2019-11-14 13:52:45 +0000
Processing by PlayersController#index as HTML
  [1m[36mPlayer Load (0.1ms)[0m  [1m[34mSELECT "players".* FROM "players"[0m
  ↳ app/controllers/players_controller.rb:5:in `index'
Completed 500 Internal Server Error in 13ms (ActiveRecord: 0.1ms | Allocations: 1780)


  
NoMethodError (undefined method `serializable_hash' for "Biggie":String):
  
app/controllers/players_controller.rb:5:in `index'
Started GET "/players" for ::1 at 2019-11-14 13:52:45 +0000
Processing by PlayersController#index as HTML
  [1m[36mPlayer Load (0.1ms)[0m  [1m[34mSELECT "players".* FROM "players"[0m
  ↳ app/controllers/players_controller.rb:5:in `index'
Completed 500 Internal Server Error in 5ms (ActiveRecord: 0.1ms | Allocations: 1778)


  
NoMethodError (undefined method `serializable_hash' for "Biggie":String):
  
app/controllers/players_controller.rb:5:in `index'
Started GET "/players" for ::1 at 2019-11-14 13:53:20 +0000
Processing by PlayersController#index as HTML
  [1m[36mPlayer Load (0.1ms)[0m  [1m[34mSELECT "players".* FROM "players"[0m
  ↳ app/controllers/players_controller.rb:5:in `index'
Completed 500 Internal Server Error in 6ms (ActiveRecord: 0.1ms | Allocations: 1778)


  
NoMethodError (undefined method `serializable_hash' for "Biggie":String):
  
app/controllers/players_controller.rb:5:in `index'
Started GET "/players" for ::1 at 2019-11-14 13:53:20 +0000
Processing by PlayersController#index as HTML
  [1m[36mPlayer Load (0.2ms)[0m  [1m[34mSELECT "players".* FROM "players"[0m
  ↳ app/controllers/players_controller.rb:5:in `index'
Completed 500 Internal Server Error in 6ms (ActiveRecord: 0.2ms | Allocations: 1778)


  
NoMethodError (undefined method `serializable_hash' for "Biggie":String):
  
app/controllers/players_controller.rb:5:in `index'
  [1m[35m (1.0ms)[0m  [1m[34mSELECT sqlite_version(*)[0m
  [1m[35m (0.1ms)[0m  [1m[34mSELECT "schema_migrations"."version" FROM "schema_migrations" ORDER BY "schema_migrations"."version" ASC[0m
  [1m[35m (0.0ms)[0m  [1m[34mSELECT sqlite_version(*)[0m
  [1m[35m (0.0ms)[0m  [1m[36mbegin transaction[0m
  [1m[36mPlayer Create (0.4ms)[0m  [1m[32mINSERT INTO "players" ("name", "score", "created_at", "updated_at") VALUES (?, ?, ?, ?)[0m  [["name", "Biggie"], ["score", 10], ["created_at", "2019-11-14 13:54:19.628647"], ["updated_at", "2019-11-14 13:54:19.628647"]]
  [1m[35m (0.8ms)[0m  [1m[36mcommit transaction[0m
Started GET "/players" for ::1 at 2019-11-14 13:54:25 +0000
Processing by PlayersController#index as HTML
  [1m[36mPlayer Load (0.2ms)[0m  [1m[34mSELECT "players".* FROM "players"[0m
  ↳ app/controllers/players_controller.rb:5:in `index'
Completed 500 Internal Server Error in 6ms (ActiveRecord: 0.2ms | Allocations: 1788)


  
NoMethodError (undefined method `serializable_hash' for "Biggie":String):
  
app/controllers/players_controller.rb:5:in `index'
Started GET "/players" for ::1 at 2019-11-14 13:54:26 +0000
Processing by PlayersController#index as HTML
  [1m[36mPlayer Load (0.3ms)[0m  [1m[34mSELECT "players".* FROM "players"[0m
  ↳ app/controllers/players_controller.rb:5:in `index'
Completed 500 Internal Server Error in 6ms (ActiveRecord: 0.3ms | Allocations: 1788)


  
NoMethodError (undefined method `serializable_hash' for "Biggie":String):
  
app/controllers/players_controller.rb:5:in `index'
  [1m[35m (0.6ms)[0m  [1m[34mSELECT sqlite_version(*)[0m
  [1m[35m (0.2ms)[0m  [1m[34mSELECT "schema_migrations"."version" FROM "schema_migrations" ORDER BY "schema_migrations"."version" ASC[0m
  [1m[35m (0.2ms)[0m  [1m[34mSELECT "ar_internal_metadata"."value" FROM "ar_internal_metadata" WHERE "ar_internal_metadata"."key" = ?[0m  [["key", "environment"]]
  [1m[35m (0.1ms)[0m  [1m[34mSELECT "schema_migrations"."version" FROM "schema_migrations" ORDER BY "schema_migrations"."version" ASC[0m
  [1m[35m (0.1ms)[0m  [1m[34mSELECT "ar_internal_metadata"."value" FROM "ar_internal_metadata" WHERE "ar_internal_metadata"."key" = ?[0m  [["key", "environment"]]
  [1m[35m (0.1ms)[0m  [1m[34mSELECT "schema_migrations"."version" FROM "schema_migrations" ORDER BY "schema_migrations"."version" ASC[0m
  [1m[35m (0.1ms)[0m  [1m[34mSELECT "ar_internal_metadata"."value" FROM "ar_internal_metadata" WHERE "ar_internal_metadata"."key" = ?[0m  [["key", "environment"]]
  [1m[35m (1.2ms)[0m  [1m[34mSELECT sqlite_version(*)[0m
  [1m[35m (2.2ms)[0m  [1m[35mCREATE TABLE "schema_migrations" ("version" varchar NOT NULL PRIMARY KEY)[0m
  [1m[35m (1.8ms)[0m  [1m[35mCREATE TABLE "ar_internal_metadata" ("key" varchar NOT NULL PRIMARY KEY, "value" varchar, "created_at" datetime(6) NOT NULL, "updated_at" datetime(6) NOT NULL)[0m
  [1m[35m (0.1ms)[0m  [1m[34mSELECT "schema_migrations"."version" FROM "schema_migrations" ORDER BY "schema_migrations"."version" ASC[0m
  [1m[35m (0.3ms)[0m  [1m[34mSELECT sqlite_version(*)[0m
  [1m[35m (0.1ms)[0m  [1m[34mSELECT "schema_migrations"."version" FROM "schema_migrations" ORDER BY "schema_migrations"."version" ASC[0m
  [1m[35m (0.6ms)[0m  [1m[34mSELECT sqlite_version(*)[0m
  [1m[35m (0.1ms)[0m  [1m[34mSELECT "schema_migrations"."version" FROM "schema_migrations" ORDER BY "schema_migrations"."version" ASC[0m
Migrating to CreatePlayers (20191114120035)
  [1m[35m (0.0ms)[0m  [1m[36mbegin transaction[0m
  [1m[35m (0.5ms)[0m  [1m[35mCREATE TABLE "players" ("id" integer PRIMARY KEY AUTOINCREMENT NOT NULL, "name" varchar, "score" integer, "created_at" datetime(6) NOT NULL, "updated_at" datetime(6) NOT NULL)[0m
  [1m[36mprimary::SchemaMigration Create (0.2ms)[0m  [1m[32mINSERT INTO "schema_migrations" ("version") VALUES (?)[0m  [["version", "20191114120035"]]
  [1m[35m (1.2ms)[0m  [1m[36mcommit transaction[0m
  [1m[36mActiveRecord::InternalMetadata Load (0.1ms)[0m  [1m[34mSELECT "ar_internal_metadata".* FROM "ar_internal_metadata" WHERE "ar_internal_metadata"."key" = ? LIMIT ?[0m  [["key", "environment"], ["LIMIT", 1]]
  [1m[35m (0.0ms)[0m  [1m[36mbegin transaction[0m
  [1m[36mActiveRecord::InternalMetadata Create (0.3ms)[0m  [1m[32mINSERT INTO "ar_internal_metadata" ("key", "value", "created_at", "updated_at") VALUES (?, ?, ?, ?)[0m  [["key", "environment"], ["value", "development"], ["created_at", "2019-11-14 13:55:02.093315"], ["updated_at", "2019-11-14 13:55:02.093315"]]
  [1m[35m (0.9ms)[0m  [1m[36mcommit transaction[0m
  [1m[35m (0.0ms)[0m  [1m[34mSELECT sqlite_version(*)[0m
  [1m[35m (0.1ms)[0m  [1m[34mSELECT "schema_migrations"."version" FROM "schema_migrations" ORDER BY "schema_migrations"."version" ASC[0m
Started GET "/players" for ::1 at 2019-11-14 13:55:04 +0000
  [1m[35m (0.1ms)[0m  [1m[34mSELECT sqlite_version(*)[0m
Processing by PlayersController#index as HTML
  [1m[36mPlayer Load (0.1ms)[0m  [1m[34mSELECT "players".* FROM "players"[0m
  ↳ app/controllers/players_controller.rb:5:in `index'
Completed 200 OK in 3ms (Views: 1.2ms | ActiveRecord: 0.4ms | Allocations: 1532)


Started GET "/players" for ::1 at 2019-11-14 13:57:27 +0000
  [1m[35m (0.1ms)[0m  [1m[34mSELECT sqlite_version(*)[0m
Processing by PlayersController#index as HTML
  [1m[36mPlayer Load (0.3ms)[0m  [1m[34mSELECT "players".* FROM "players"[0m
  ↳ app/controllers/players_controller.rb:5:in `index'
Completed 200 OK in 4ms (Views: 1.5ms | ActiveRecord: 0.5ms | Allocations: 1534)


Started GET "/players" for ::1 at 2019-11-14 13:57:57 +0000
  [1m[35m (0.1ms)[0m  [1m[34mSELECT sqlite_version(*)[0m
Processing by PlayersController#index as HTML
  [1m[36mPlayer Load (0.2ms)[0m  [1m[34mSELECT "players".* FROM "players"[0m
  ↳ app/controllers/players_controller.rb:5:in `index'
Completed 200 OK in 3ms (Views: 1.3ms | ActiveRecord: 0.4ms | Allocations: 1529)


Started GET "/players" for ::1 at 2019-11-14 13:57:59 +0000
Processing by PlayersController#index as HTML
  [1m[36mPlayer Load (0.1ms)[0m  [1m[34mSELECT "players".* FROM "players"[0m
  ↳ app/controllers/players_controller.rb:5:in `index'
Completed 200 OK in 2ms (Views: 1.4ms | ActiveRecord: 0.1ms | Allocations: 743)


Started GET "/players" for ::1 at 2019-11-14 13:58:00 +0000
Processing by PlayersController#index as HTML
  [1m[36mPlayer Load (0.2ms)[0m  [1m[34mSELECT "players".* FROM "players"[0m
  ↳ app/controllers/players_controller.rb:5:in `index'
Completed 200 OK in 2ms (Views: 1.7ms | ActiveRecord: 0.2ms | Allocations: 743)


Started GET "/players" for ::1 at 2019-11-14 15:19:53 +0000
  [1m[35m (0.2ms)[0m  [1m[34mSELECT sqlite_version(*)[0m
Processing by PlayersController#index as HTML
  [1m[36mPlayer Load (0.2ms)[0m  [1m[34mSELECT "players".* FROM "players"[0m
  ↳ app/controllers/players_controller.rb:5:in `index'
Completed 200 OK in 3ms (Views: 2.0ms | ActiveRecord: 0.2ms | Allocations: 761)


Started GET "/players" for ::1 at 2019-11-14 15:20:02 +0000
  [1m[35m (0.1ms)[0m  [1m[34mSELECT sqlite_version(*)[0m
Processing by PlayersController#index as HTML
Completed 200 OK in 2ms (Views: 0.1ms | ActiveRecord: 0.0ms | Allocations: 416)


Started GET "/players" for ::1 at 2019-11-14 15:20:14 +0000
  [1m[35m (0.0ms)[0m  [1m[34mSELECT sqlite_version(*)[0m
Processing by PlayersController#index as HTML
  [1m[36mPlayer Load (0.1ms)[0m  [1m[34mSELECT "players".* FROM "players"[0m
  ↳ app/controllers/players_controller.rb:5:in `index'
  [1m[36mPlayer Load (0.3ms)[0m  [1m[34mSELECT "players".* FROM "players" LIMIT ?[0m  [["LIMIT", 11]]
  ↳ app/controllers/players_controller.rb:7:in `index'
  [1m[35m (0.1ms)[0m  [1m[36mbegin transaction[0m
  ↳ (byebug):1:in `index'
  [1m[36mPlayer Create (1.2ms)[0m  [1m[32mINSERT INTO "players" ("name", "score", "created_at", "updated_at") VALUES (?, ?, ?, ?)[0m  [["name", "Biggie"], ["score", 10], ["created_at", "2019-11-14 15:21:01.923560"], ["updated_at", "2019-11-14 15:21:01.923560"]]
  ↳ (byebug):1:in `index'
  [1m[35m (0.6ms)[0m  [1m[36mcommit transaction[0m
  ↳ (byebug):1:in `index'
  [1m[36mPlayer Load (0.2ms)[0m  [1m[34mSELECT "players".* FROM "players" LIMIT ?[0m  [["LIMIT", 11]]
  ↳ app/controllers/players_controller.rb:7:in `index'
Completed 500 Internal Server Error in 59269ms (Views: 1.2ms | ActiveRecord: 3.2ms | Allocations: 268226)


  
SystemExit (exit):
  
(byebug):1:in `exit'
(byebug):1:in `index'
app/controllers/players_controller.rb:7:in `index'
Started GET "/players" for ::1 at 2019-11-14 15:21:17 +0000
  [1m[35m (3.1ms)[0m  [1m[34mSELECT sqlite_version(*)[0m
Processing by PlayersController#index as HTML
  [1m[36mPlayer Load (1.8ms)[0m  [1m[34mSELECT "players".* FROM "players"[0m
  ↳ app/controllers/players_controller.rb:5:in `index'
Completed 200 OK in 169ms (Views: 138.1ms | ActiveRecord: 13.2ms | Allocations: 1208109)


Started GET "/players" for ::1 at 2019-11-14 15:21:19 +0000
Processing by PlayersController#index as HTML
  [1m[36mPlayer Load (4.3ms)[0m  [1m[34mSELECT "players".* FROM "players"[0m
  ↳ app/controllers/players_controller.rb:5:in `index'
Completed 200 OK in 42ms (Views: 32.2ms | ActiveRecord: 4.3ms | Allocations: 305291)


Started GET "/players" for ::1 at 2019-11-14 15:21:45 +0000
  [1m[35m (0.9ms)[0m  [1m[34mSELECT sqlite_version(*)[0m
Processing by PlayersController#index as HTML
  [1m[36mPlayer Load (1.0ms)[0m  [1m[34mSELECT "players".* FROM "players"[0m
  ↳ app/controllers/players_controller.rb:5:in `index'
Completed 200 OK in 123ms (Views: 96.7ms | ActiveRecord: 9.8ms | Allocations: 1300457)


Started GET "/players" for ::1 at 2019-11-14 15:22:02 +0000
  [1m[35m (0.9ms)[0m  [1m[34mSELECT sqlite_version(*)[0m
Processing by PlayersController#index as HTML
  [1m[36mPlayer Load (1.2ms)[0m  [1m[34mSELECT "players".* FROM "players"[0m
  ↳ app/controllers/players_controller.rb:5:in `index'
Completed 200 OK in 132ms (Views: 100.9ms | ActiveRecord: 11.7ms | Allocations: 1318136)


Started GET "/players" for ::1 at 2019-11-14 15:37:25 +0000
  [1m[35m (0.8ms)[0m  [1m[34mSELECT sqlite_version(*)[0m
  [1m[35m (0.5ms)[0m  [1m[34mSELECT "schema_migrations"."version" FROM "schema_migrations" ORDER BY "schema_migrations"."version" ASC[0m
Processing by PlayersController#index as HTML
  [1m[36mPlayer Load (0.4ms)[0m  [1m[34mSELECT "players".* FROM "players"[0m
  ↳ app/controllers/players_controller.rb:5:in `index'
Completed 200 OK in 8ms (Views: 4.6ms | ActiveRecord: 1.0ms | Allocations: 4734)


Started GET "/players" for ::1 at 2019-11-14 15:37:26 +0000
Processing by PlayersController#index as HTML
  [1m[36mPlayer Load (0.2ms)[0m  [1m[34mSELECT "players".* FROM "players"[0m
  ↳ app/controllers/players_controller.rb:5:in `index'
Completed 200 OK in 2ms (Views: 1.7ms | ActiveRecord: 0.2ms | Allocations: 887)


Started GET "/players" for ::1 at 2019-11-14 15:37:26 +0000
Processing by PlayersController#index as HTML
  [1m[36mPlayer Load (0.2ms)[0m  [1m[34mSELECT "players".* FROM "players"[0m
  ↳ app/controllers/players_controller.rb:5:in `index'
Completed 200 OK in 2ms (Views: 1.3ms | ActiveRecord: 0.2ms | Allocations: 887)


Started GET "/players" for ::1 at 2019-11-14 15:37:27 +0000
Processing by PlayersController#index as HTML
  [1m[36mPlayer Load (0.2ms)[0m  [1m[34mSELECT "players".* FROM "players"[0m
  ↳ app/controllers/players_controller.rb:5:in `index'
Completed 200 OK in 2ms (Views: 1.7ms | ActiveRecord: 0.2ms | Allocations: 887)


Started GET "/players" for ::1 at 2019-11-14 15:37:28 +0000
Processing by PlayersController#index as HTML
  [1m[36mPlayer Load (0.1ms)[0m  [1m[34mSELECT "players".* FROM "players"[0m
  ↳ app/controllers/players_controller.rb:5:in `index'
Completed 200 OK in 2ms (Views: 1.8ms | ActiveRecord: 0.1ms | Allocations: 887)


  [1m[35m (0.8ms)[0m  [1m[34mSELECT sqlite_version(*)[0m
  [1m[35m (0.5ms)[0m  [1m[34mSELECT "schema_migrations"."version" FROM "schema_migrations" ORDER BY "schema_migrations"."version" ASC[0m
Migrating to CreateGames (20191114164045)
  [1m[35m (0.1ms)[0m  [1m[36mbegin transaction[0m
  [1m[35m (0.6ms)[0m  [1m[35mCREATE TABLE "games" ("id" integer PRIMARY KEY AUTOINCREMENT NOT NULL, "name" varchar, "score" varchar, "created_at" datetime(6) NOT NULL, "updated_at" datetime(6) NOT NULL)[0m
  [1m[36mprimary::SchemaMigration Create (0.5ms)[0m  [1m[32mINSERT INTO "schema_migrations" ("version") VALUES (?)[0m  [["version", "20191114164045"]]
  [1m[35m (2.1ms)[0m  [1m[36mcommit transaction[0m
  [1m[36mActiveRecord::InternalMetadata Load (0.9ms)[0m  [1m[34mSELECT "ar_internal_metadata".* FROM "ar_internal_metadata" WHERE "ar_internal_metadata"."key" = ? LIMIT ?[0m  [["key", "environment"], ["LIMIT", 1]]
  [1m[35m (0.1ms)[0m  [1m[34mSELECT sqlite_version(*)[0m
  [1m[35m (0.5ms)[0m  [1m[34mSELECT "schema_migrations"."version" FROM "schema_migrations" ORDER BY "schema_migrations"."version" ASC[0m
  [1m[35m (0.3ms)[0m  [1m[34mSELECT sqlite_version(*)[0m
  [1m[35m (0.1ms)[0m  [1m[34mSELECT "schema_migrations"."version" FROM "schema_migrations" ORDER BY "schema_migrations"."version" ASC[0m
  [1m[35m (1.1ms)[0m  [1m[34mSELECT sqlite_version(*)[0m
  [1m[35m (0.8ms)[0m  [1m[34mSELECT "schema_migrations"."version" FROM "schema_migrations" ORDER BY "schema_migrations"."version" ASC[0m
  [1m[35m (0.1ms)[0m  [1m[34mSELECT sqlite_version(*)[0m
  [1m[35m (0.1ms)[0m  [1m[36mbegin transaction[0m
  [1m[36mGame Create (1.6ms)[0m  [1m[32mINSERT INTO "games" ("name", "score", "created_at", "updated_at") VALUES (?, ?, ?, ?)[0m  [["name", "Biggie"], ["score", "10"], ["created_at", "2019-11-14 16:51:35.421477"], ["updated_at", "2019-11-14 16:51:35.421477"]]
  [1m[35m (0.9ms)[0m  [1m[36mcommit transaction[0m
Started GET "/" for ::1 at 2019-11-14 16:52:16 +0000
  [1m[35m (0.7ms)[0m  [1m[34mSELECT sqlite_version(*)[0m
  [1m[35m (0.5ms)[0m  [1m[34mSELECT "schema_migrations"."version" FROM "schema_migrations" ORDER BY "schema_migrations"."version" ASC[0m
Processing by Rails::WelcomeController#index as HTML
  Rendering /Users/milenkhanal/.rvm/gems/ruby-2.6.1/gems/railties-6.0.1/lib/rails/templates/rails/welcome/index.html.erb
  Rendered /Users/milenkhanal/.rvm/gems/ruby-2.6.1/gems/railties-6.0.1/lib/rails/templates/rails/welcome/index.html.erb (Duration: 6.0ms | Allocations: 317)
Completed 200 OK in 12ms (Views: 9.3ms | ActiveRecord: 0.0ms | Allocations: 1604)


Started GET "/game" for ::1 at 2019-11-14 16:52:20 +0000
  
ActionController::RoutingError (No route matches [GET] "/game"):
  
actionpack (6.0.1) lib/action_dispatch/middleware/debug_exceptions.rb:36:in `call'
actionpack (6.0.1) lib/action_dispatch/middleware/show_exceptions.rb:33:in `call'
railties (6.0.1) lib/rails/rack/logger.rb:38:in `call_app'
railties (6.0.1) lib/rails/rack/logger.rb:26:in `block in call'
activesupport (6.0.1) lib/active_support/tagged_logging.rb:80:in `block in tagged'
activesupport (6.0.1) lib/active_support/tagged_logging.rb:28:in `tagged'
activesupport (6.0.1) lib/active_support/tagged_logging.rb:80:in `tagged'
railties (6.0.1) lib/rails/rack/logger.rb:26:in `call'
actionpack (6.0.1) lib/action_dispatch/middleware/remote_ip.rb:81:in `call'
actionpack (6.0.1) lib/action_dispatch/middleware/request_id.rb:27:in `call'
rack (2.0.7) lib/rack/runtime.rb:22:in `call'
activesupport (6.0.1) lib/active_support/cache/strategy/local_cache_middleware.rb:29:in `call'
actionpack (6.0.1) lib/action_dispatch/middleware/executor.rb:14:in `call'
actionpack (6.0.1) lib/action_dispatch/middleware/static.rb:126:in `call'
rack (2.0.7) lib/rack/sendfile.rb:111:in `call'
actionpack (6.0.1) lib/action_dispatch/middleware/host_authorization.rb:83:in `call'
rack-cors (1.0.3) lib/rack/cors.rb:95:in `call'
railties (6.0.1) lib/rails/engine.rb:526:in `call'
puma (4.3.0) lib/puma/configuration.rb:228:in `call'
puma (4.3.0) lib/puma/server.rb:667:in `handle_request'
puma (4.3.0) lib/puma/server.rb:470:in `process_client'
puma (4.3.0) lib/puma/server.rb:328:in `block in run'
puma (4.3.0) lib/puma/thread_pool.rb:134:in `block in spawn_thread'
Started GET "/games" for ::1 at 2019-11-14 16:52:29 +0000
Processing by GamesController#index as HTML
  [1m[36mGame Load (2.2ms)[0m  [1m[34mSELECT "games".* FROM "games"[0m
  ↳ app/controllers/games_controller.rb:5:in `index'
Completed 500 Internal Server Error in 27ms (ActiveRecord: 3.1ms | Allocations: 5748)


  
NoMethodError (undefined method `serializable_hash' for "Biggie":String):
  
app/controllers/games_controller.rb:5:in `index'
Started GET "/games" for ::1 at 2019-11-14 16:52:59 +0000
  [1m[35m (0.1ms)[0m  [1m[34mSELECT sqlite_version(*)[0m
Processing by GamesController#index as HTML
  [1m[36mGame Load (0.2ms)[0m  [1m[34mSELECT "games".* FROM "games"[0m
  ↳ app/controllers/games_controller.rb:5:in `index'
Completed 500 Internal Server Error in 8ms (ActiveRecord: 0.7ms | Allocations: 5418)


  
NoMethodError (undefined method `serializable_hash' for "Biggie":String):
  
app/controllers/games_controller.rb:5:in `index'
Started GET "/games" for ::1 at 2019-11-14 16:53:28 +0000
  [1m[35m (0.1ms)[0m  [1m[34mSELECT sqlite_version(*)[0m
Processing by GamesController#index as HTML
  [1m[36mGame Load (0.2ms)[0m  [1m[34mSELECT "games".* FROM "games"[0m
  ↳ app/controllers/games_controller.rb:5:in `index'
Completed 500 Internal Server Error in 8ms (ActiveRecord: 0.6ms | Allocations: 5419)


  
NoMethodError (undefined method `serializable_hash' for "Biggie":String):
  
app/controllers/games_controller.rb:5:in `index'
Started GET "/games" for ::1 at 2019-11-14 16:53:29 +0000
Processing by GamesController#index as HTML
  [1m[36mGame Load (0.1ms)[0m  [1m[34mSELECT "games".* FROM "games"[0m
  ↳ app/controllers/games_controller.rb:5:in `index'
Completed 500 Internal Server Error in 4ms (ActiveRecord: 0.1ms | Allocations: 1781)


  
NoMethodError (undefined method `serializable_hash' for "Biggie":String):
  
app/controllers/games_controller.rb:5:in `index'
Started GET "/games" for ::1 at 2019-11-14 16:53:30 +0000
Processing by GamesController#index as HTML
  [1m[36mGame Load (0.1ms)[0m  [1m[34mSELECT "games".* FROM "games"[0m
  ↳ app/controllers/games_controller.rb:5:in `index'
Completed 500 Internal Server Error in 3ms (ActiveRecord: 0.1ms | Allocations: 1780)


  
NoMethodError (undefined method `serializable_hash' for "Biggie":String):
  
app/controllers/games_controller.rb:5:in `index'
Started GET "/games" for ::1 at 2019-11-14 16:55:32 +0000
  [1m[35m (0.1ms)[0m  [1m[34mSELECT sqlite_version(*)[0m
Processing by GamesController#index as HTML
  [1m[36mGame Load (0.3ms)[0m  [1m[34mSELECT "games".* FROM "games"[0m
  ↳ app/controllers/games_controller.rb:5:in `index'
Completed 200 OK in 15ms (Views: 12.4ms | ActiveRecord: 1.4ms | Allocations: 4472)


Started GET "/games" for ::1 at 2019-11-14 16:55:48 +0000
  [1m[35m (0.1ms)[0m  [1m[34mSELECT sqlite_version(*)[0m
  
SyntaxError (/Users/milenkhanal/mod_3/mod3project/game-api/app/controllers/games_controller.rb:5: syntax error, unexpected ':', expecting ']'
...on: games, only:[:name, :score:, :id]
...                              ^):
  
app/controllers/games_controller.rb:5: syntax error, unexpected ':', expecting ']'
app/controllers/games_controller.rb:5: syntax error, unexpected ':', expecting ']'
Started GET "/games" for ::1 at 2019-11-14 16:55:51 +0000
  
SyntaxError (/Users/milenkhanal/mod_3/mod3project/game-api/app/controllers/games_controller.rb:5: syntax error, unexpected ':', expecting ']'
...on: games, only:[:name, :score:, :id]
...                              ^):
  
app/controllers/games_controller.rb:5: syntax error, unexpected ':', expecting ']'
app/controllers/games_controller.rb:5: syntax error, unexpected ':', expecting ']'
Started GET "/games" for ::1 at 2019-11-14 16:56:00 +0000
  [1m[35m (0.1ms)[0m  [1m[34mSELECT sqlite_version(*)[0m
Processing by GamesController#index as HTML
  [1m[36mGame Load (0.2ms)[0m  [1m[34mSELECT "games".* FROM "games"[0m
  ↳ app/controllers/games_controller.rb:5:in `index'
Completed 200 OK in 6ms (Views: 4.3ms | ActiveRecord: 0.6ms | Allocations: 4474)


Started GET "/" for ::1 at 2019-11-14 17:16:52 +0000
  [1m[35m (1.0ms)[0m  [1m[34mSELECT sqlite_version(*)[0m
  [1m[35m (0.5ms)[0m  [1m[34mSELECT "schema_migrations"."version" FROM "schema_migrations" ORDER BY "schema_migrations"."version" ASC[0m
Processing by Rails::WelcomeController#index as HTML
  Rendering /Users/milenkhanal/.rvm/gems/ruby-2.6.1/gems/railties-6.0.1/lib/rails/templates/rails/welcome/index.html.erb
  Rendered /Users/milenkhanal/.rvm/gems/ruby-2.6.1/gems/railties-6.0.1/lib/rails/templates/rails/welcome/index.html.erb (Duration: 20.0ms | Allocations: 317)
Completed 200 OK in 26ms (Views: 23.5ms | ActiveRecord: 0.0ms | Allocations: 1607)


Started GET "/games" for ::1 at 2019-11-14 17:16:58 +0000
Processing by GamesController#index as HTML
  [1m[36mGame Load (0.5ms)[0m  [1m[34mSELECT "games".* FROM "games"[0m
  ↳ app/controllers/games_controller.rb:5:in `index'
Completed 200 OK in 11ms (Views: 8.1ms | ActiveRecord: 1.3ms | Allocations: 4766)


Started GET "/" for ::1 at 2019-11-15 09:14:54 +0000
  [1m[35m (1.0ms)[0m  [1m[34mSELECT sqlite_version(*)[0m
  [1m[35m (0.5ms)[0m  [1m[34mSELECT "schema_migrations"."version" FROM "schema_migrations" ORDER BY "schema_migrations"."version" ASC[0m
Processing by Rails::WelcomeController#index as HTML
  Rendering /Users/milenkhanal/.rvm/gems/ruby-2.6.1/gems/railties-6.0.1/lib/rails/templates/rails/welcome/index.html.erb
  Rendered /Users/milenkhanal/.rvm/gems/ruby-2.6.1/gems/railties-6.0.1/lib/rails/templates/rails/welcome/index.html.erb (Duration: 6.5ms | Allocations: 317)
Completed 200 OK in 14ms (Views: 9.7ms | ActiveRecord: 0.0ms | Allocations: 1606)


Started GET "/games" for ::1 at 2019-11-15 09:14:57 +0000
Processing by GamesController#index as HTML
  [1m[36mGame Load (0.5ms)[0m  [1m[34mSELECT "games".* FROM "games"[0m
  ↳ app/controllers/games_controller.rb:5:in `index'
Completed 200 OK in 19ms (Views: 15.5ms | ActiveRecord: 1.3ms | Allocations: 4824)


Started GET "/games" for ::1 at 2019-11-15 09:16:47 +0000
Processing by GamesController#index as */*
  [1m[36mGame Load (0.2ms)[0m  [1m[34mSELECT "games".* FROM "games"[0m
  ↳ app/controllers/games_controller.rb:5:in `index'
Completed 200 OK in 4ms (Views: 2.4ms | ActiveRecord: 0.2ms | Allocations: 870)


  [1m[35m (1.3ms)[0m  [1m[34mSELECT sqlite_version(*)[0m
  [1m[35m (0.6ms)[0m  [1m[34mSELECT "schema_migrations"."version" FROM "schema_migrations" ORDER BY "schema_migrations"."version" ASC[0m
  [1m[35m (0.1ms)[0m  [1m[34mSELECT sqlite_version(*)[0m
  [1m[35m (0.1ms)[0m  [1m[36mbegin transaction[0m
  [1m[36mGame Create (1.2ms)[0m  [1m[32mINSERT INTO "games" ("name", "score", "created_at", "updated_at") VALUES (?, ?, ?, ?)[0m  [["name", "Haider"], ["score", "3"], ["created_at", "2019-11-15 09:19:19.712690"], ["updated_at", "2019-11-15 09:19:19.712690"]]
  [1m[35m (0.7ms)[0m  [1m[36mcommit transaction[0m
  [1m[35m (0.0ms)[0m  [1m[36mbegin transaction[0m
  [1m[36mGame Create (0.3ms)[0m  [1m[32mINSERT INTO "games" ("name", "score", "created_at", "updated_at") VALUES (?, ?, ?, ?)[0m  [["name", "Tom"], ["score", "10"], ["created_at", "2019-11-15 09:19:19.721844"], ["updated_at", "2019-11-15 09:19:19.721844"]]
  [1m[35m (1.0ms)[0m  [1m[36mcommit transaction[0m
  [1m[35m (0.0ms)[0m  [1m[36mbegin transaction[0m
  [1m[36mGame Create (0.3ms)[0m  [1m[32mINSERT INTO "games" ("name", "score", "created_at", "updated_at") VALUES (?, ?, ?, ?)[0m  [["name", "Milen"], ["score", "5"], ["created_at", "2019-11-15 09:19:19.725717"], ["updated_at", "2019-11-15 09:19:19.725717"]]
  [1m[35m (0.7ms)[0m  [1m[36mcommit transaction[0m
Started GET "/games" for ::1 at 2019-11-15 09:21:40 +0000
  [1m[35m (1.0ms)[0m  [1m[34mSELECT sqlite_version(*)[0m
  [1m[35m (0.1ms)[0m  [1m[34mSELECT "schema_migrations"."version" FROM "schema_migrations" ORDER BY "schema_migrations"."version" ASC[0m
Processing by GamesController#index as */*
  [1m[36mGame Load (0.3ms)[0m  [1m[34mSELECT "games".* FROM "games"[0m
  ↳ app/controllers/games_controller.rb:5:in `index'
Completed 200 OK in 10ms (Views: 7.3ms | ActiveRecord: 0.9ms | Allocations: 5038)


Started GET "/games" for ::1 at 2019-11-15 09:21:40 +0000
Processing by GamesController#index as */*
  [1m[36mGame Load (0.2ms)[0m  [1m[34mSELECT "games".* FROM "games"[0m
  ↳ app/controllers/games_controller.rb:5:in `index'
Completed 200 OK in 2ms (Views: 1.5ms | ActiveRecord: 0.2ms | Allocations: 1191)


Started GET "/games" for ::1 at 2019-11-15 09:38:01 +0000
  [1m[35m (6.5ms)[0m  [1m[34mSELECT sqlite_version(*)[0m
  [1m[35m (0.3ms)[0m  [1m[34mSELECT "schema_migrations"."version" FROM "schema_migrations" ORDER BY "schema_migrations"."version" ASC[0m
Processing by GamesController#index as */*
  [1m[36mGame Load (0.4ms)[0m  [1m[34mSELECT "games".* FROM "games"[0m
  ↳ app/controllers/games_controller.rb:5:in `index'
Completed 200 OK in 44ms (Views: 25.3ms | ActiveRecord: 8.2ms | Allocations: 5128)


Started GET "/games" for ::1 at 2019-11-15 09:42:31 +0000
Processing by GamesController#index as */*
  [1m[36mGame Load (0.1ms)[0m  [1m[34mSELECT "games".* FROM "games"[0m
  ↳ app/controllers/games_controller.rb:5:in `index'
Completed 200 OK in 7ms (Views: 6.4ms | ActiveRecord: 0.1ms | Allocations: 1191)


Started GET "/games" for ::1 at 2019-11-15 09:42:42 +0000
Processing by GamesController#index as */*
  [1m[36mGame Load (0.3ms)[0m  [1m[34mSELECT "games".* FROM "games"[0m
  ↳ app/controllers/games_controller.rb:5:in `index'
Completed 200 OK in 4ms (Views: 3.5ms | ActiveRecord: 0.3ms | Allocations: 1191)


Started GET "/games" for ::1 at 2019-11-15 09:42:57 +0000
Processing by GamesController#index as */*
  [1m[36mGame Load (0.1ms)[0m  [1m[34mSELECT "games".* FROM "games"[0m
  ↳ app/controllers/games_controller.rb:5:in `index'
Completed 200 OK in 3ms (Views: 2.2ms | ActiveRecord: 0.1ms | Allocations: 1192)


Started GET "/games" for ::1 at 2019-11-15 09:42:59 +0000
Processing by GamesController#index as */*
  [1m[36mGame Load (0.2ms)[0m  [1m[34mSELECT "games".* FROM "games"[0m
  ↳ app/controllers/games_controller.rb:5:in `index'
Completed 200 OK in 4ms (Views: 3.1ms | ActiveRecord: 0.2ms | Allocations: 1191)


Started GET "/games" for ::1 at 2019-11-15 09:43:07 +0000
Processing by GamesController#index as */*
  [1m[36mGame Load (0.1ms)[0m  [1m[34mSELECT "games".* FROM "games"[0m
  ↳ app/controllers/games_controller.rb:5:in `index'
Completed 200 OK in 3ms (Views: 2.6ms | ActiveRecord: 0.1ms | Allocations: 1174)


Started GET "/games" for ::1 at 2019-11-15 09:43:11 +0000
Processing by GamesController#index as */*
  [1m[36mGame Load (0.2ms)[0m  [1m[34mSELECT "games".* FROM "games"[0m
  ↳ app/controllers/games_controller.rb:5:in `index'
Completed 200 OK in 9ms (Views: 8.4ms | ActiveRecord: 0.2ms | Allocations: 1174)


Started GET "/games" for ::1 at 2019-11-15 09:43:40 +0000
Processing by GamesController#index as */*
  [1m[36mGame Load (0.2ms)[0m  [1m[34mSELECT "games".* FROM "games"[0m
  ↳ app/controllers/games_controller.rb:5:in `index'
Completed 200 OK in 3ms (Views: 2.2ms | ActiveRecord: 0.2ms | Allocations: 1174)


Started GET "/games" for ::1 at 2019-11-15 09:44:34 +0000
Processing by GamesController#index as */*
  [1m[36mGame Load (0.2ms)[0m  [1m[34mSELECT "games".* FROM "games"[0m
  ↳ app/controllers/games_controller.rb:5:in `index'
Completed 200 OK in 3ms (Views: 2.1ms | ActiveRecord: 0.2ms | Allocations: 1174)


Started GET "/games" for ::1 at 2019-11-15 09:47:48 +0000
Processing by GamesController#index as */*
  [1m[36mGame Load (0.2ms)[0m  [1m[34mSELECT "games".* FROM "games"[0m
  ↳ app/controllers/games_controller.rb:5:in `index'
Completed 200 OK in 6ms (Views: 5.1ms | ActiveRecord: 0.2ms | Allocations: 1174)


Started GET "/games" for ::1 at 2019-11-15 09:48:01 +0000
Processing by GamesController#index as */*
  [1m[36mGame Load (0.1ms)[0m  [1m[34mSELECT "games".* FROM "games"[0m
  ↳ app/controllers/games_controller.rb:5:in `index'
Completed 200 OK in 4ms (Views: 3.3ms | ActiveRecord: 0.1ms | Allocations: 1174)


Started GET "/games" for ::1 at 2019-11-15 09:48:41 +0000
Processing by GamesController#index as */*
  [1m[36mGame Load (0.2ms)[0m  [1m[34mSELECT "games".* FROM "games"[0m
  ↳ app/controllers/games_controller.rb:5:in `index'
Completed 200 OK in 3ms (Views: 2.8ms | ActiveRecord: 0.2ms | Allocations: 1174)


